<?xml version="1.0" encoding="UTF-8"?>
<testng-results skipped="0" failed="0" ignored="0" total="1" passed="1">
  <reporter-output>
  </reporter-output>
  <suite name="Default suite" duration-ms="3680" started-at="2021-12-23T04:30:24Z" finished-at="2021-12-23T04:30:28Z">
    <groups>
    </groups>
    <test name="Default test" duration-ms="3680" started-at="2021-12-23T04:30:24Z" finished-at="2021-12-23T04:30:28Z">
      <class name="com.qa.gorest.tests.DeleteUserTest">
        <test-method status="PASS" signature="setUp()[pri:0, instance:com.qa.gorest.tests.DeleteUserTest@6ab778a]" name="setUp" is-config="true" duration-ms="3008" started-at="2021-12-23T04:30:24Z" finished-at="2021-12-23T04:30:27Z">
          <reporter-output>
          </reporter-output>
        </test-method> <!-- setUp -->
        <test-method status="PASS" signature="deleteUser()[pri:0, instance:com.qa.gorest.tests.DeleteUserTest@6ab778a]" name="deleteUser" duration-ms="580" started-at="2021-12-23T04:30:27Z" finished-at="2021-12-23T04:30:28Z">
          <reporter-output>
          </reporter-output>
        </test-method> <!-- deleteUser -->
      </class> <!-- com.qa.gorest.tests.DeleteUserTest -->
    </test> <!-- Default test -->
  </suite> <!-- Default suite -->
</testng-results>
